<?xml version="1.0" encoding="UTF-8"?>
<testsuite name="com.vdabmao2018.lessen.les11.TestFraction" tests="4" skipped="1" failures="0" errors="0" timestamp="2018-06-19T12:31:03" hostname="iMac-van-VdabAdmin.local" time="0.005">
  <properties/>
  <testcase name="testSimplifyBy3" classname="com.vdabmao2018.lessen.les11.TestFraction" time="0.0">
    <skipped/>
  </testcase>
  <testcase name="testSubtractFraction" classname="com.vdabmao2018.lessen.les11.TestFraction" time="0.001"/>
  <testcase name="correctSimplify" classname="com.vdabmao2018.lessen.les11.TestFraction" time="0.003"/>
  <testcase name="testAddFraction" classname="com.vdabmao2018.lessen.les11.TestFraction" time="0.0"/>
  <system-out><![CDATA[1
-----
4

]]></system-out>
  <system-err><![CDATA[]]></system-err>
</testsuite>
